<?xml version="1.0" encoding="UTF-8"?>
<testsuite name="com.meli.ApplicationTest" tests="2" skipped="0" failures="0" errors="0" timestamp="2024-06-25T13:12:12" hostname="DESKTOP-UURGNPQ" time="1.165">
  <properties/>
  <testcase name="mainMethodStartsApplication()" classname="com.meli.ApplicationTest" time="1.161"/>
  <testcase name="contextLoads()" classname="com.meli.ApplicationTest" time="0.002"/>
  <system-out><![CDATA[08:12:09.559 [Test worker] DEBUG org.springframework.test.context.BootstrapUtils - Instantiating CacheAwareContextLoaderDelegate from class [org.springframework.test.context.cache.DefaultCacheAwareContextLoaderDelegate]
08:12:09.582 [Test worker] DEBUG org.springframework.test.context.BootstrapUtils - Instantiating BootstrapContext using constructor [public org.springframework.test.context.support.DefaultBootstrapContext(java.lang.Class,org.springframework.test.context.CacheAwareContextLoaderDelegate)]
08:12:09.655 [Test worker] DEBUG org.springframework.test.context.BootstrapUtils - Instantiating TestContextBootstrapper for test class [com.meli.ApplicationTest] from class [org.springframework.boot.test.context.SpringBootTestContextBootstrapper]
08:12:09.674 [Test worker] INFO org.springframework.boot.test.context.SpringBootTestContextBootstrapper - Neither @ContextConfiguration nor @ContextHierarchy found for test class [com.meli.ApplicationTest], using SpringBootContextLoader
08:12:09.683 [Test worker] DEBUG org.springframework.test.context.support.AbstractContextLoader - Did not detect default resource location for test class [com.meli.ApplicationTest]: class path resource [com/meli/ApplicationTest-context.xml] does not exist
08:12:09.684 [Test worker] DEBUG org.springframework.test.context.support.AbstractContextLoader - Did not detect default resource location for test class [com.meli.ApplicationTest]: class path resource [com/meli/ApplicationTestContext.groovy] does not exist
08:12:09.684 [Test worker] INFO org.springframework.test.context.support.AbstractContextLoader - Could not detect default resource locations for test class [com.meli.ApplicationTest]: no resource found for suffixes {-context.xml, Context.groovy}.
08:12:09.685 [Test worker] INFO org.springframework.test.context.support.AnnotationConfigContextLoaderUtils - Could not detect default configuration classes for test class [com.meli.ApplicationTest]: ApplicationTest does not declare any static, non-private, non-final, nested classes annotated with @Configuration.
08:12:09.747 [Test worker] DEBUG org.springframework.test.context.support.ActiveProfilesUtils - Could not find an 'annotation declaring class' for annotation type [org.springframework.test.context.ActiveProfiles] and class [com.meli.ApplicationTest]
08:12:09.850 [Test worker] DEBUG org.springframework.context.annotation.ClassPathScanningCandidateComponentProvider - Identified candidate component class: file [F:\Meli\build\classes\java\main\com\meli\Application.class]
08:12:09.852 [Test worker] INFO org.springframework.boot.test.context.SpringBootTestContextBootstrapper - Found @SpringBootConfiguration com.meli.Application for test class com.meli.ApplicationTest
08:12:10.027 [Test worker] DEBUG org.springframework.boot.test.context.SpringBootTestContextBootstrapper - @TestExecutionListeners is not present for class [com.meli.ApplicationTest]: using defaults.
08:12:10.027 [Test worker] INFO org.springframework.boot.test.context.SpringBootTestContextBootstrapper - Loaded default TestExecutionListener class names from location [META-INF/spring.factories]: [org.springframework.boot.test.autoconfigure.restdocs.RestDocsTestExecutionListener, org.springframework.boot.test.autoconfigure.web.client.MockRestServiceServerResetTestExecutionListener, org.springframework.boot.test.autoconfigure.web.servlet.MockMvcPrintOnlyOnFailureTestExecutionListener, org.springframework.boot.test.autoconfigure.web.servlet.WebDriverTestExecutionListener, org.springframework.boot.test.autoconfigure.webservices.client.MockWebServiceServerTestExecutionListener, org.springframework.boot.test.mock.mockito.MockitoTestExecutionListener, org.springframework.boot.test.mock.mockito.ResetMocksTestExecutionListener, org.springframework.test.context.web.ServletTestExecutionListener, org.springframework.test.context.support.DirtiesContextBeforeModesTestExecutionListener, org.springframework.test.context.event.ApplicationEventsTestExecutionListener, org.springframework.test.context.support.DependencyInjectionTestExecutionListener, org.springframework.test.context.support.DirtiesContextTestExecutionListener, org.springframework.test.context.transaction.TransactionalTestExecutionListener, org.springframework.test.context.jdbc.SqlScriptsTestExecutionListener, org.springframework.test.context.event.EventPublishingTestExecutionListener]
08:12:10.045 [Test worker] DEBUG org.springframework.boot.test.context.SpringBootTestContextBootstrapper - Skipping candidate TestExecutionListener [org.springframework.test.context.transaction.TransactionalTestExecutionListener] due to a missing dependency. Specify custom listener classes or make the default listener classes and their required dependencies available. Offending class: [org/springframework/transaction/interceptor/TransactionAttributeSource]
08:12:10.046 [Test worker] DEBUG org.springframework.boot.test.context.SpringBootTestContextBootstrapper - Skipping candidate TestExecutionListener [org.springframework.test.context.jdbc.SqlScriptsTestExecutionListener] due to a missing dependency. Specify custom listener classes or make the default listener classes and their required dependencies available. Offending class: [org/springframework/transaction/interceptor/TransactionAttribute]
08:12:10.046 [Test worker] INFO org.springframework.boot.test.context.SpringBootTestContextBootstrapper - Using TestExecutionListeners: [org.springframework.test.context.web.ServletTestExecutionListener@349e5528, org.springframework.test.context.support.DirtiesContextBeforeModesTestExecutionListener@2a76a96a, org.springframework.test.context.event.ApplicationEventsTestExecutionListener@19ee7a71, org.springframework.boot.test.mock.mockito.MockitoTestExecutionListener@27f02509, org.springframework.boot.test.autoconfigure.SpringBootDependencyInjectionTestExecutionListener@618103ca, org.springframework.test.context.support.DirtiesContextTestExecutionListener@7e23cb69, org.springframework.test.context.event.EventPublishingTestExecutionListener@14741b2e, org.springframework.boot.test.autoconfigure.restdocs.RestDocsTestExecutionListener@320abcc4, org.springframework.boot.test.autoconfigure.web.client.MockRestServiceServerResetTestExecutionListener@5bfc761c, org.springframework.boot.test.autoconfigure.web.servlet.MockMvcPrintOnlyOnFailureTestExecutionListener@3b648689, org.springframework.boot.test.autoconfigure.web.servlet.WebDriverTestExecutionListener@ffd57a0, org.springframework.boot.test.autoconfigure.webservices.client.MockWebServiceServerTestExecutionListener@68763607, org.springframework.boot.test.mock.mockito.ResetMocksTestExecutionListener@5082f183]
08:12:10.051 [Test worker] DEBUG org.springframework.test.context.support.AbstractDirtiesContextTestExecutionListener - Before test class: context [DefaultTestContext@11f50b7b testClass = ApplicationTest, testInstance = [null], testMethod = [null], testException = [null], mergedContextConfiguration = [WebMergedContextConfiguration@1ce26da1 testClass = ApplicationTest, locations = '{}', classes = '{class com.meli.Application}', contextInitializerClasses = '[]', activeProfiles = '{}', propertySourceLocations = '{}', propertySourceProperties = '{org.springframework.boot.test.context.SpringBootTestContextBootstrapper=true}', contextCustomizers = set[org.springframework.boot.test.autoconfigure.actuate.metrics.MetricsExportContextCustomizerFactory$DisableMetricExportContextCustomizer@68c574ad, org.springframework.boot.test.autoconfigure.properties.PropertyMappingContextCustomizer@0, org.springframework.boot.test.autoconfigure.web.servlet.WebDriverContextCustomizerFactory$Customizer@1c9a2ca6, org.springframework.boot.test.context.filter.ExcludeFilterContextCustomizer@4fbb4b62, org.springframework.boot.test.json.DuplicateJsonObjectContextCustomizerFactory$DuplicateJsonObjectContextCustomizer@f0f64bd, org.springframework.boot.test.mock.mockito.MockitoContextCustomizer@0, org.springframework.boot.test.web.client.TestRestTemplateContextCustomizer@597771cc, org.springframework.boot.test.context.SpringBootTestArgs@1, org.springframework.boot.test.context.SpringBootTestWebEnvironment@6665f7d1], resourceBasePath = 'src/main/webapp', contextLoader = 'org.springframework.boot.test.context.SpringBootContextLoader', parent = [null]], attributes = map['org.springframework.test.context.web.ServletTestExecutionListener.activateListener' -> true]], class annotated with @DirtiesContext [false] with mode [null].
08:12:10.126 [Test worker] DEBUG org.springframework.boot.ApplicationServletEnvironment - Activating profiles []
08:12:10.127 [Test worker] DEBUG org.springframework.test.context.support.TestPropertySourceUtils - Adding inlined properties to environment: {spring.jmx.enabled=false, org.springframework.boot.test.context.SpringBootTestContextBootstrapper=true}

  .   ____          _            __ _ _
 /\\ / ___'_ __ _ _(_)_ __  __ _ \ \ \ \
( ( )\___ | '_ | '_| | '_ \/ _` | \ \ \ \
 \\/  ___)| |_)| | | | | || (_| |  ) ) ) )
  '  |____| .__|_| |_|_| |_\__, | / / / /
 =========|_|==============|___/=/_/_/_/
 :: Spring Boot ::                (v2.6.1)

2024-06-25 08:12:10.615  INFO 11012 --- [    Test worker] com.meli.ApplicationTest                 : Starting ApplicationTest using Java 13.0.14 on DESKTOP-UURGNPQ with PID 11012 (started by Teo in F:\Meli)
2024-06-25 08:12:10.628  INFO 11012 --- [    Test worker] com.meli.ApplicationTest                 : No active profile set, falling back to default profiles: default
2024-06-25 08:12:12.286  INFO 11012 --- [    Test worker] com.meli.ApplicationTest                 : Started ApplicationTest in 2.158 seconds (JVM running for 3.904)

  .   ____          _            __ _ _
 /\\ / ___'_ __ _ _(_)_ __  __ _ \ \ \ \
( ( )\___ | '_ | '_| | '_ \/ _` | \ \ \ \
 \\/  ___)| |_)| | | | | || (_| |  ) ) ) )
  '  |____| .__|_| |_|_| |_\__, | / / / /
 =========|_|==============|___/=/_/_/_/
 :: Spring Boot ::                (v2.6.1)

2024-06-25 08:12:12.834  INFO 11012 --- [    Test worker] com.meli.Application                     : Starting Application using Java 13.0.14 on DESKTOP-UURGNPQ with PID 11012 (started by Teo in F:\Meli)
2024-06-25 08:12:12.834  INFO 11012 --- [    Test worker] com.meli.Application                     : No active profile set, falling back to default profiles: default
2024-06-25 08:12:13.146  INFO 11012 --- [    Test worker] o.s.b.w.embedded.tomcat.TomcatWebServer  : Tomcat initialized with port(s): 8080 (http)
2024-06-25 08:12:13.161  INFO 11012 --- [    Test worker] o.apache.catalina.core.StandardService   : Starting service [Tomcat]
2024-06-25 08:12:13.161  INFO 11012 --- [    Test worker] org.apache.catalina.core.StandardEngine  : Starting Servlet engine: [Apache Tomcat/9.0.55]
2024-06-25 08:12:13.308  INFO 11012 --- [    Test worker] o.a.c.c.C.[Tomcat].[localhost].[/]       : Initializing Spring embedded WebApplicationContext
2024-06-25 08:12:13.308  INFO 11012 --- [    Test worker] w.s.c.ServletWebServerApplicationContext : Root WebApplicationContext: initialization completed in 471 ms
2024-06-25 08:12:13.456  INFO 11012 --- [    Test worker] o.s.b.w.embedded.tomcat.TomcatWebServer  : Tomcat started on port(s): 8080 (http) with context path ''
2024-06-25 08:12:13.459  INFO 11012 --- [    Test worker] com.meli.Application                     : Started Application in 0.647 seconds (JVM running for 5.078)
AplicaciÃ³n corriendo
]]></system-out>
  <system-err><![CDATA[[2024.06.25 08:12:10] (Coverage): Error during class instrumentation: org.springframework.boot.logging.log4j2.Log4J2LoggingSystem: java.lang.RuntimeException: java.io.IOException: Class org/apache/logging/log4j/core/config/composite/CompositeConfiguration not found
]]></system-err>
</testsuite>
